<?xml version="1.0" encoding="UTF-8"?>
<!-- Generated by org.testng.reporters.JUnitXMLReporter -->
<testsuite ignored="0" hostname="LAPTOP-54CIPACA" failures="0" tests="4" name="Default test" time="10.258" errors="0" timestamp="2024-12-19T10:48:50 IST">
  <testcase classname="EGIndia.testCases.EgTest" name="addProducttoBasket" time="1.567"/>
  <testcase classname="EGIndia.testCases.EgTest" name="addProducttoBasket" time="1.42"/>
  <testcase classname="EGIndia.testCases.EgTest" name="validLogin" time="1.183"/>
  <testcase classname="EGIndia.testCases.EgTest" name="validLogin" time="1.194"/>
</testsuite> <!-- Default test -->
