<?xml version="1.0" encoding="UTF-8"?>
<!-- Generated by org.testng.reporters.JUnitXMLReporter -->
<testsuite ignored="0" hostname="LAPTOP-54CIPACA" failures="1" tests="6" name="EGTest" time="45.843" errors="0" timestamp="2024-12-19T10:07:39 IST">
  <testcase classname="EGIndia.testCases.EgTest" name="InvalidLogin" time="11.549">
    <failure type="java.lang.NullPointerException" message="Cannot invoke &amp;quot;org.openqa.selenium.WebDriver.getClass()&amp;quot; because &amp;quot;exceptionDriver&amp;quot; is null">
      <![CDATA[java.lang.NullPointerException: Cannot invoke "org.openqa.selenium.WebDriver.getClass()" because "exceptionDriver" is null
at org.openqa.selenium.support.ui.WebDriverWait.timeoutException(WebDriverWait.java:85)
at org.openqa.selenium.support.ui.FluentWait.until(FluentWait.java:228)
at EGIndia.AbstractComponents.utilitycomponent.waitForElementToAppear(utilitycomponent.java:37)
at EGIndia.PageObjects.LoginPage.geterrormsg(LoginPage.java:39)
at EGIndia.testCases.EgTest.InvalidLogin(EgTest.java:22)
at java.base/java.util.ArrayList.forEach(ArrayList.java:1511)
... Removed 27 stack frames]]>
    </failure>
  </testcase> <!-- InvalidLogin -->
  <testcase classname="EGIndia.testCases.EgTest" name="InvalidLogin2" time="1.608"/>
  <testcase classname="EGIndia.testCases.EgTest" name="addProducttoBasket" time="2.146"/>
  <testcase classname="EGIndia.testCases.EgTest" name="addProducttoBasket" time="2.118"/>
  <testcase classname="EGIndia.testCases.EgTest" name="validLogin" time="1.617"/>
  <testcase classname="EGIndia.testCases.EgTest" name="validLogin" time="1.597"/>
</testsuite> <!-- EGTest -->
