<?xml version="1.0" encoding="UTF-8"?>
<!-- Generated by org.testng.reporters.JUnitXMLReporter -->
<testsuite ignored="0" hostname="LAPTOP-54CIPACA" failures="0" tests="4" name="EGTestValidLogin" time="10.393" errors="0" timestamp="2024-12-19T10:49:36 IST">
  <testcase classname="EGIndia.testCases.EgTest" name="addProducttoBasket" time="1.571"/>
  <testcase classname="EGIndia.testCases.EgTest" name="addProducttoBasket" time="1.477"/>
  <testcase classname="EGIndia.testCases.EgTest" name="validLogin" time="1.209"/>
  <testcase classname="EGIndia.testCases.EgTest" name="validLogin" time="1.096"/>
</testsuite> <!-- EGTestValidLogin -->
